<?xml version="1.0" encoding="UTF-8"?>
<!-- Generated by org.testng.reporters.JUnitXMLReporter -->
<testsuite ignored="0" hostname="Asharulace" failures="0" tests="16" name="MyTestGroup" time="0.074" errors="0" timestamp="2025-02-12T11:19:55 WIB">
  <testcase classname="testng.TestNG" name="checkoutBrang" time="0.001"/>
  <testcase classname="testng.ParallelTestNG" name="checkoutBarang" time="0.001"/>
  <testcase classname="testng.ParallelTestNG2" name="dataTestScenario" time="0.008"/>
  <testcase classname="testng.ParallelTestNG2" name="dataTestScenario" time="0.0"/>
  <testcase classname="testng.ParallelTestNG2" name="dataTestScenario" time="0.0"/>
  <testcase classname="testng.TestNG" name="scenarioTest1" time="0.005"/>
  <testcase classname="testng.ParallelTestNG2" name="scenarioTest1" time="0.001"/>
  <testcase classname="testng.ParallelTestNG" name="scenarioTest1" time="0.005"/>
  <testcase classname="testng.ParallelTestNG2" name="scenarioTest2" time="0.001"/>
  <testcase classname="testng.ParallelTestNG2" name="scenarioTest3" time="0.0"/>
  <testcase classname="testng.TestNG" name="scenarioTest2" time="0.0"/>
  <testcase classname="testng.ParallelTestNG" name="scenarioTest2" time="0.0"/>
  <testcase classname="testng.ParallelTestNG2" name="scenarioTest4" time="0.001"/>
  <testcase classname="testng.ParallelTestNG2" name="scenarioTest5" time="0.001"/>
  <testcase classname="testng.TestNG" name="scenarioTest3" time="0.001"/>
  <testcase classname="testng.ParallelTestNG" name="scenarioTest3" time="0.001"/>
</testsuite> <!-- MyTestGroup -->
