<?xml version="1.0" encoding="UTF-8"?>
<testng-results ignored="0" total="16" passed="16" failed="0" skipped="0">
  <reporter-output>
  </reporter-output>
  <suite started-at="2025-02-12T11:19:55 WIB" name="Annotation Execution Suite" finished-at="2025-02-12T11:19:55 WIB" duration-ms="74">
    <groups>
    </groups>
    <test started-at="2025-02-12T11:19:55 WIB" name="MyTestGroup" finished-at="2025-02-12T11:19:55 WIB" duration-ms="74">
      <class name="testng.ParallelTestNG2">
        <test-method signature="dataTestScenario(java.lang.String,int)[pri:0, instance:testng.ParallelTestNG2@3c407114]" started-at="2025-02-12T11:19:55 WIB" name="dataTestScenario" data-provider="dataproviderPositive" finished-at="2025-02-12T11:19:55 WIB" duration-ms="8" status="PASS">
          <params>
            <param index="0">
              <value>
                <![CDATA[Rudy]]>
              </value>
            </param>
            <param index="1">
              <value>
                <![CDATA[110]]>
              </value>
            </param>
          </params>
          <reporter-output>
          </reporter-output>
        </test-method> <!-- dataTestScenario -->
        <test-method signature="dataTestScenario(java.lang.String,int)[pri:0, instance:testng.ParallelTestNG2@3c407114]" started-at="2025-02-12T11:19:55 WIB" name="dataTestScenario" data-provider="dataproviderPositive" finished-at="2025-02-12T11:19:55 WIB" duration-ms="0" status="PASS">
          <params>
            <param index="0">
              <value>
                <![CDATA[Sari]]>
              </value>
            </param>
            <param index="1">
              <value>
                <![CDATA[20]]>
              </value>
            </param>
          </params>
          <reporter-output>
          </reporter-output>
        </test-method> <!-- dataTestScenario -->
        <test-method signature="dataTestScenario(java.lang.String,int)[pri:0, instance:testng.ParallelTestNG2@3c407114]" started-at="2025-02-12T11:19:55 WIB" name="dataTestScenario" data-provider="dataproviderPositive" finished-at="2025-02-12T11:19:55 WIB" duration-ms="0" status="PASS">
          <params>
            <param index="0">
              <value>
                <![CDATA[Joko]]>
              </value>
            </param>
            <param index="1">
              <value>
                <![CDATA[25]]>
              </value>
            </param>
          </params>
          <reporter-output>
          </reporter-output>
        </test-method> <!-- dataTestScenario -->
        <test-method signature="scenarioTest1()[pri:0, instance:testng.ParallelTestNG2@3c407114]" started-at="2025-02-12T11:19:55 WIB" name="scenarioTest1" finished-at="2025-02-12T11:19:55 WIB" duration-ms="1" status="PASS">
          <reporter-output>
          </reporter-output>
        </test-method> <!-- scenarioTest1 -->
        <test-method signature="scenarioTest2()[pri:0, instance:testng.ParallelTestNG2@3c407114]" started-at="2025-02-12T11:19:55 WIB" name="scenarioTest2" finished-at="2025-02-12T11:19:55 WIB" duration-ms="1" status="PASS">
          <reporter-output>
          </reporter-output>
        </test-method> <!-- scenarioTest2 -->
        <test-method signature="scenarioTest3()[pri:0, instance:testng.ParallelTestNG2@3c407114]" started-at="2025-02-12T11:19:55 WIB" name="scenarioTest3" finished-at="2025-02-12T11:19:55 WIB" duration-ms="0" status="PASS">
          <reporter-output>
          </reporter-output>
        </test-method> <!-- scenarioTest3 -->
        <test-method signature="scenarioTest4()[pri:0, instance:testng.ParallelTestNG2@3c407114]" started-at="2025-02-12T11:19:55 WIB" name="scenarioTest4" finished-at="2025-02-12T11:19:55 WIB" duration-ms="1" status="PASS">
          <reporter-output>
          </reporter-output>
        </test-method> <!-- scenarioTest4 -->
        <test-method signature="scenarioTest5()[pri:0, instance:testng.ParallelTestNG2@3c407114]" started-at="2025-02-12T11:19:55 WIB" name="scenarioTest5" finished-at="2025-02-12T11:19:55 WIB" duration-ms="1" status="PASS">
          <reporter-output>
          </reporter-output>
        </test-method> <!-- scenarioTest5 -->
      </class> <!-- testng.ParallelTestNG2 -->
      <class name="testng.TestNG">
        <test-method is-config="true" signature="setUpClass()[pri:0, instance:testng.TestNG@35ef1869]" started-at="2025-02-12T11:19:55 WIB" name="setUpClass" finished-at="2025-02-12T11:19:55 WIB" duration-ms="1" status="PASS">
          <reporter-output>
          </reporter-output>
        </test-method> <!-- setUpClass -->
        <test-method is-config="true" signature="setUp()[pri:0, instance:testng.TestNG@35ef1869]" started-at="2025-02-12T11:19:55 WIB" name="setUp" finished-at="2025-02-12T11:19:55 WIB" duration-ms="2" status="PASS">
          <reporter-output>
          </reporter-output>
        </test-method> <!-- setUp -->
        <test-method signature="checkoutBrang()[pri:0, instance:testng.TestNG@35ef1869]" started-at="2025-02-12T11:19:55 WIB" name="checkoutBrang" finished-at="2025-02-12T11:19:55 WIB" duration-ms="1" status="PASS">
          <reporter-output>
          </reporter-output>
        </test-method> <!-- checkoutBrang -->
        <test-method is-config="true" signature="afterUp()[pri:0, instance:testng.TestNG@35ef1869]" started-at="2025-02-12T11:19:55 WIB" name="afterUp" finished-at="2025-02-12T11:19:55 WIB" duration-ms="1" status="PASS">
          <reporter-output>
          </reporter-output>
        </test-method> <!-- afterUp -->
        <test-method is-config="true" signature="setUp()[pri:0, instance:testng.TestNG@35ef1869]" started-at="2025-02-12T11:19:55 WIB" name="setUp" finished-at="2025-02-12T11:19:55 WIB" duration-ms="1" status="PASS">
          <reporter-output>
          </reporter-output>
        </test-method> <!-- setUp -->
        <test-method signature="scenarioTest1()[pri:0, instance:testng.TestNG@35ef1869]" started-at="2025-02-12T11:19:55 WIB" name="scenarioTest1" finished-at="2025-02-12T11:19:55 WIB" duration-ms="5" status="PASS">
          <reporter-output>
          </reporter-output>
        </test-method> <!-- scenarioTest1 -->
        <test-method is-config="true" signature="afterUp()[pri:0, instance:testng.TestNG@35ef1869]" started-at="2025-02-12T11:19:55 WIB" name="afterUp" finished-at="2025-02-12T11:19:55 WIB" duration-ms="1" status="PASS">
          <reporter-output>
          </reporter-output>
        </test-method> <!-- afterUp -->
        <test-method is-config="true" signature="setUp()[pri:0, instance:testng.TestNG@35ef1869]" started-at="2025-02-12T11:19:55 WIB" name="setUp" finished-at="2025-02-12T11:19:55 WIB" duration-ms="1" status="PASS">
          <reporter-output>
          </reporter-output>
        </test-method> <!-- setUp -->
        <test-method signature="scenarioTest2()[pri:0, instance:testng.TestNG@35ef1869]" started-at="2025-02-12T11:19:55 WIB" name="scenarioTest2" finished-at="2025-02-12T11:19:55 WIB" duration-ms="0" status="PASS">
          <reporter-output>
          </reporter-output>
        </test-method> <!-- scenarioTest2 -->
        <test-method is-config="true" signature="afterUp()[pri:0, instance:testng.TestNG@35ef1869]" started-at="2025-02-12T11:19:55 WIB" name="afterUp" finished-at="2025-02-12T11:19:55 WIB" duration-ms="0" status="PASS">
          <reporter-output>
          </reporter-output>
        </test-method> <!-- afterUp -->
        <test-method signature="scenarioTest3()[pri:0, instance:testng.TestNG@35ef1869]" started-at="2025-02-12T11:19:55 WIB" name="scenarioTest3" finished-at="2025-02-12T11:19:55 WIB" duration-ms="1" status="PASS">
          <reporter-output>
          </reporter-output>
        </test-method> <!-- scenarioTest3 -->
        <test-method is-config="true" signature="setUp()[pri:0, instance:testng.TestNG@35ef1869]" started-at="2025-02-12T11:19:55 WIB" name="setUp" finished-at="2025-02-12T11:19:55 WIB" duration-ms="0" status="PASS">
          <reporter-output>
          </reporter-output>
        </test-method> <!-- setUp -->
        <test-method is-config="true" signature="afterUp()[pri:0, instance:testng.TestNG@35ef1869]" started-at="2025-02-12T11:19:55 WIB" name="afterUp" finished-at="2025-02-12T11:19:55 WIB" duration-ms="0" status="PASS">
          <reporter-output>
          </reporter-output>
        </test-method> <!-- afterUp -->
        <test-method is-config="true" signature="afterClass()[pri:0, instance:testng.TestNG@35ef1869]" started-at="2025-02-12T11:19:55 WIB" name="afterClass" finished-at="2025-02-12T11:19:55 WIB" duration-ms="1" status="PASS">
          <reporter-output>
          </reporter-output>
        </test-method> <!-- afterClass -->
      </class> <!-- testng.TestNG -->
      <class name="testng.ParallelTestNG">
        <test-method is-config="true" signature="beforeSuite()[pri:0, instance:testng.ParallelTestNG@3d51f06e]" started-at="2025-02-12T11:19:55 WIB" name="beforeSuite" finished-at="2025-02-12T11:19:55 WIB" duration-ms="14" status="PASS">
          <reporter-output>
          </reporter-output>
        </test-method> <!-- beforeSuite -->
        <test-method is-config="true" signature="setUpClass()[pri:0, instance:testng.ParallelTestNG@3d51f06e]" started-at="2025-02-12T11:19:55 WIB" name="setUpClass" finished-at="2025-02-12T11:19:55 WIB" duration-ms="1" status="PASS">
          <reporter-output>
          </reporter-output>
        </test-method> <!-- setUpClass -->
        <test-method is-config="true" signature="setUp()[pri:0, instance:testng.ParallelTestNG@3d51f06e]" started-at="2025-02-12T11:19:55 WIB" name="setUp" finished-at="2025-02-12T11:19:55 WIB" duration-ms="2" status="PASS">
          <reporter-output>
          </reporter-output>
        </test-method> <!-- setUp -->
        <test-method signature="checkoutBarang()[pri:0, instance:testng.ParallelTestNG@3d51f06e]" started-at="2025-02-12T11:19:55 WIB" name="checkoutBarang" finished-at="2025-02-12T11:19:55 WIB" duration-ms="1" status="PASS">
          <reporter-output>
          </reporter-output>
        </test-method> <!-- checkoutBarang -->
        <test-method is-config="true" signature="afterUp()[pri:0, instance:testng.ParallelTestNG@3d51f06e]" started-at="2025-02-12T11:19:55 WIB" name="afterUp" finished-at="2025-02-12T11:19:55 WIB" duration-ms="1" status="PASS">
          <reporter-output>
          </reporter-output>
        </test-method> <!-- afterUp -->
        <test-method is-config="true" signature="setUp()[pri:0, instance:testng.ParallelTestNG@3d51f06e]" started-at="2025-02-12T11:19:55 WIB" name="setUp" finished-at="2025-02-12T11:19:55 WIB" duration-ms="1" status="PASS">
          <reporter-output>
          </reporter-output>
        </test-method> <!-- setUp -->
        <test-method signature="scenarioTest1()[pri:0, instance:testng.ParallelTestNG@3d51f06e]" started-at="2025-02-12T11:19:55 WIB" name="scenarioTest1" finished-at="2025-02-12T11:19:55 WIB" duration-ms="5" status="PASS">
          <reporter-output>
          </reporter-output>
        </test-method> <!-- scenarioTest1 -->
        <test-method is-config="true" signature="afterUp()[pri:0, instance:testng.ParallelTestNG@3d51f06e]" started-at="2025-02-12T11:19:55 WIB" name="afterUp" finished-at="2025-02-12T11:19:55 WIB" duration-ms="1" status="PASS">
          <reporter-output>
          </reporter-output>
        </test-method> <!-- afterUp -->
        <test-method is-config="true" signature="setUp()[pri:0, instance:testng.ParallelTestNG@3d51f06e]" started-at="2025-02-12T11:19:55 WIB" name="setUp" finished-at="2025-02-12T11:19:55 WIB" duration-ms="1" status="PASS">
          <reporter-output>
          </reporter-output>
        </test-method> <!-- setUp -->
        <test-method signature="scenarioTest2()[pri:0, instance:testng.ParallelTestNG@3d51f06e]" started-at="2025-02-12T11:19:55 WIB" name="scenarioTest2" finished-at="2025-02-12T11:19:55 WIB" duration-ms="0" status="PASS">
          <reporter-output>
          </reporter-output>
        </test-method> <!-- scenarioTest2 -->
        <test-method is-config="true" signature="afterUp()[pri:0, instance:testng.ParallelTestNG@3d51f06e]" started-at="2025-02-12T11:19:55 WIB" name="afterUp" finished-at="2025-02-12T11:19:55 WIB" duration-ms="1" status="PASS">
          <reporter-output>
          </reporter-output>
        </test-method> <!-- afterUp -->
        <test-method signature="scenarioTest3()[pri:0, instance:testng.ParallelTestNG@3d51f06e]" started-at="2025-02-12T11:19:55 WIB" name="scenarioTest3" finished-at="2025-02-12T11:19:55 WIB" duration-ms="1" status="PASS">
          <reporter-output>
          </reporter-output>
        </test-method> <!-- scenarioTest3 -->
        <test-method is-config="true" signature="setUp()[pri:0, instance:testng.ParallelTestNG@3d51f06e]" started-at="2025-02-12T11:19:55 WIB" name="setUp" finished-at="2025-02-12T11:19:55 WIB" duration-ms="0" status="PASS">
          <reporter-output>
          </reporter-output>
        </test-method> <!-- setUp -->
        <test-method is-config="true" signature="afterUp()[pri:0, instance:testng.ParallelTestNG@3d51f06e]" started-at="2025-02-12T11:19:55 WIB" name="afterUp" finished-at="2025-02-12T11:19:55 WIB" duration-ms="0" status="PASS">
          <reporter-output>
          </reporter-output>
        </test-method> <!-- afterUp -->
        <test-method is-config="true" signature="afterClass()[pri:0, instance:testng.ParallelTestNG@3d51f06e]" started-at="2025-02-12T11:19:55 WIB" name="afterClass" finished-at="2025-02-12T11:19:55 WIB" duration-ms="0" status="PASS">
          <reporter-output>
          </reporter-output>
        </test-method> <!-- afterClass -->
        <test-method is-config="true" signature="afterSuite()[pri:0, instance:testng.ParallelTestNG@3d51f06e]" started-at="2025-02-12T11:19:55 WIB" name="afterSuite" finished-at="2025-02-12T11:19:55 WIB" duration-ms="0" status="PASS">
          <reporter-output>
          </reporter-output>
        </test-method> <!-- afterSuite -->
      </class> <!-- testng.ParallelTestNG -->
    </test> <!-- MyTestGroup -->
  </suite> <!-- Annotation Execution Suite -->
</testng-results>
