<?xml version="1.0" encoding="UTF-8"?>
<testsuite xmlns:xsi="http://www.w3.org/2001/XMLSchema-instance" xsi:noNamespaceSchemaLocation="https://maven.apache.org/surefire/maven-surefire-plugin/xsd/surefire-test-report.xsd" version="3.0.2" name="TestSuite" time="0.886" tests="16" errors="0" skipped="0" failures="0">
  <properties>
[...]
</properties>
  <testcase name="checkoutBrang" classname="testng.TestNG" time="0.002">
    <system-out><![CDATA[Before Suite
Set up Class
set up Class
Before Method
Before Method
]]></system-out>
    <system-err><![CDATA[SLF4J: Failed to load class "org.slf4j.impl.StaticLoggerBinder".
SLF4J: Defaulting to no-operation (NOP) logger implementation
SLF4J: See http://www.slf4j.org/codes.html#StaticLoggerBinder for further details.
]]></system-err>
  </testcase>
  <testcase name="scenarioTest1" classname="testng.TestNG" time="0.002">
    <system-out><![CDATA[Test 1
scenario 1
Test 1
1092572064
]]></system-out>
  </testcase>
  <testcase name="scenarioTest2" classname="testng.TestNG" time="0.001">
    <system-out><![CDATA[Test 4
]]></system-out>
  </testcase>
  <testcase name="scenarioTest3" classname="testng.TestNG" time="0.001"/>
  <testcase name="checkoutBarang" classname="testng.ParallelTestNG" time="0.007"/>
  <testcase name="scenarioTest1" classname="testng.ParallelTestNG" time="0.003"/>
  <testcase name="scenarioTest2" classname="testng.ParallelTestNG" time="0.001"/>
  <testcase name="scenarioTest3" classname="testng.ParallelTestNG" time="0.001"/>
  <testcase name="dataTestScenario[Rudy, 110](1)" classname="testng.ParallelTestNG2" time="0.0">
    <system-out><![CDATA[After Method
After Method
Before Method
Before Method
Nama : Rudy Umur : 110
]]></system-out>
  </testcase>
  <testcase name="dataTestScenario[Sari, 20](2)" classname="testng.ParallelTestNG2" time="0.002">
    <system-out><![CDATA[Nama : Sari Umur : 20
]]></system-out>
  </testcase>
  <testcase name="dataTestScenario[Joko, 25](3)" classname="testng.ParallelTestNG2" time="0.002">
    <system-out><![CDATA[Nama : Joko Umur : 25
]]></system-out>
  </testcase>
  <testcase name="scenarioTest1" classname="testng.ParallelTestNG2" time="0.003"/>
  <testcase name="scenarioTest2" classname="testng.ParallelTestNG2" time="0.002">
    <system-out><![CDATA[After Method
After Method
scenario 2
1092572064
]]></system-out>
  </testcase>
  <testcase name="scenarioTest3" classname="testng.ParallelTestNG2" time="0.0">
    <system-out><![CDATA[Before Method
Before Method
scenario 3
1092572064
Test 2
]]></system-out>
  </testcase>
  <testcase name="scenarioTest4" classname="testng.ParallelTestNG2" time="0.001">
    <system-out><![CDATA[After Method
After Method
scenario 4
1092572064
]]></system-out>
  </testcase>
  <testcase name="scenarioTest5" classname="testng.ParallelTestNG2" time="0.0">
    <system-out><![CDATA[Before Method
Before Method
scenario 5
1092572064
Test 3
Test 3
]]></system-out>
  </testcase>
</testsuite>